AndroidRipper/app/build/outputs/logs/manifest-merger-debug-report.txt
-- Merging decision tree log ---
manifest
ADDED from src/main/AndroidManifest.xml:1:39-9:12
INJECTED from src/main/AndroidManifest.xml:1:39-9:12
INJECTED from src/main/AndroidManifest.xml:1:39-9:12
INJECTED from src/main/AndroidManifest.xml:1:39-9:12
INJECTED from src/main/AndroidManifest.xml:1:39-9:12
INJECTED from src/main/AndroidManifest.xml:1:39-9:12
INJECTED from src/main/AndroidManifest.xml:1:39-9:12
	package
		ADDED from src/main/AndroidManifest.xml:1:158-191
		INJECTED from src/main/AndroidManifest.xml
		INJECTED from src/main/AndroidManifest.xml
	android:versionName
		ADDED from src/main/AndroidManifest.xml:1:132-157
		INJECTED from src/main/AndroidManifest.xml
		INJECTED from src/main/AndroidManifest.xml
	xmlns:android
		ADDED from src/main/AndroidManifest.xml:1:49-107
	android:versionCode
		ADDED from src/main/AndroidManifest.xml:1:108-131
		INJECTED from src/main/AndroidManifest.xml
		INJECTED from src/main/AndroidManifest.xml
instrumentation
ADDED from src/main/AndroidManifest.xml:3:5-122
	android:targetPackage
		ADDED from src/main/AndroidManifest.xml:3:76-120
	android:name
		ADDED from src/main/AndroidManifest.xml:3:22-75
application
ADDED from src/main/AndroidManifest.xml:5:5-7:19
	android:label
		ADDED from src/main/AndroidManifest.xml:5:55-87
	android:icon
		ADDED from src/main/AndroidManifest.xml:5:18-54
uses-library#android.test.runner
ADDED from src/main/AndroidManifest.xml:6:9-59
	android:name
		ADDED from src/main/AndroidManifest.xml:6:23-57